2024-09-04 08:14:46,226 - InvertedIndex - INFO - Starting complete inverted index pipeline
2024-09-04 08:14:46,227 - InvertedIndex - INFO - Step 1: Processing texts
2024-09-04 08:14:49,524 - InvertedIndex - INFO - Step 2: Applying vectorizer and processing
2024-09-04 08:14:49,524 - InvertedIndex - INFO - Applying vectorizer and processing
2024-09-04 08:14:49,604 - InvertedIndex - INFO - Finished vectorization and processing. Time taken: 0.08 seconds
2024-09-04 08:14:49,604 - InvertedIndex - INFO - Step 3: Creating inverted index
2024-09-04 08:14:49,605 - InvertedIndex - INFO - Creating inverted index
2024-09-04 08:15:05,145 - InvertedIndex - INFO - Finished creating inverted index. Time taken: 15.54 seconds
2024-09-04 08:15:05,145 - InvertedIndex - INFO - Step 4: Saving inverted index
2024-09-04 08:15:05,146 - InvertedIndex - INFO - Saving inverted index to inverted_index.json
2024-09-04 08:15:05,211 - InvertedIndex - INFO - Inverted index successfully saved to inverted_index.json
2024-09-04 08:15:05,211 - InvertedIndex - INFO - Completed inverted index pipeline. Total time taken: 18.98 seconds
2024-09-04 08:57:07,170 - InvertedIndex - INFO - Starting complete inverted index pipeline
2024-09-04 08:57:07,170 - InvertedIndex - INFO - Starting complete inverted index pipeline
2024-09-04 08:57:07,171 - InvertedIndex - INFO - Step 1: Processing texts
2024-09-04 08:57:07,171 - InvertedIndex - INFO - Step 1: Processing texts
2024-09-04 08:57:09,061 - InvertedIndex - INFO - Step 2: Applying vectorizer and processing
2024-09-04 08:57:09,061 - InvertedIndex - INFO - Step 2: Applying vectorizer and processing
2024-09-04 08:57:09,064 - InvertedIndex - INFO - Applying vectorizer and processing
2024-09-04 08:57:09,064 - InvertedIndex - INFO - Applying vectorizer and processing
2024-09-04 08:57:09,130 - InvertedIndex - INFO - Finished vectorization and processing. Time taken: 0.07 seconds
2024-09-04 08:57:09,130 - InvertedIndex - INFO - Finished vectorization and processing. Time taken: 0.07 seconds
2024-09-04 08:57:09,130 - InvertedIndex - INFO - Step 3: Creating inverted index
2024-09-04 08:57:09,130 - InvertedIndex - INFO - Step 3: Creating inverted index
2024-09-04 08:57:09,132 - InvertedIndex - INFO - Creating inverted index
2024-09-04 08:57:09,132 - InvertedIndex - INFO - Creating inverted index
2024-09-04 08:57:23,435 - InvertedIndex - INFO - Finished creating inverted index. Time taken: 14.30 seconds
2024-09-04 08:57:23,435 - InvertedIndex - INFO - Finished creating inverted index. Time taken: 14.30 seconds
2024-09-04 08:57:23,436 - InvertedIndex - INFO - Step 4: Saving inverted index
2024-09-04 08:57:23,436 - InvertedIndex - INFO - Step 4: Saving inverted index
2024-09-04 08:57:23,437 - InvertedIndex - INFO - Saving inverted index to inverted_index.json
2024-09-04 08:57:23,437 - InvertedIndex - INFO - Saving inverted index to inverted_index.json
2024-09-04 08:57:23,497 - InvertedIndex - INFO - Inverted index successfully saved to inverted_index.json
2024-09-04 08:57:23,497 - InvertedIndex - INFO - Inverted index successfully saved to inverted_index.json
2024-09-04 08:57:23,497 - InvertedIndex - INFO - Completed inverted index pipeline. Total time taken: 16.33 seconds
2024-09-04 08:57:23,497 - InvertedIndex - INFO - Completed inverted index pipeline. Total time taken: 16.33 seconds
2024-09-04 09:13:55,351 - InvertedIndex - INFO - Starting complete inverted index pipeline
2024-09-04 09:13:55,352 - InvertedIndex - INFO - Step 1: Processing texts
2024-09-04 09:13:56,999 - InvertedIndex - INFO - Step 2: Applying vectorizer and processing
2024-09-04 09:13:57,000 - InvertedIndex - INFO - Applying vectorizer and processing
2024-09-04 09:13:57,071 - InvertedIndex - INFO - Finished vectorization and processing. Time taken: 0.07 seconds
2024-09-04 09:13:57,072 - InvertedIndex - INFO - Step 3: Creating inverted index
2024-09-04 09:13:57,073 - InvertedIndex - INFO - Creating inverted index
2024-09-04 09:14:12,249 - InvertedIndex - INFO - Finished creating inverted index. Time taken: 15.18 seconds
2024-09-04 09:14:12,250 - InvertedIndex - INFO - Step 4: Saving inverted index
2024-09-04 09:14:12,250 - InvertedIndex - INFO - Saving inverted index to inverted_index.json
2024-09-04 09:14:12,311 - InvertedIndex - INFO - Inverted index successfully saved to inverted_index.json
2024-09-04 09:14:12,311 - InvertedIndex - INFO - Completed inverted index pipeline. Total time taken: 16.96 seconds
2024-09-04 09:47:44,825 - InvertedIndex - INFO - Starting complete inverted index pipeline
2024-09-04 09:47:44,825 - InvertedIndex - INFO - Starting complete inverted index pipeline
2024-09-04 09:47:44,826 - InvertedIndex - INFO - Step 1: Processing texts
2024-09-04 09:47:44,826 - InvertedIndex - INFO - Step 1: Processing texts
2024-09-04 09:47:46,482 - InvertedIndex - INFO - Step 2: Applying vectorizer and processing
2024-09-04 09:47:46,482 - InvertedIndex - INFO - Step 2: Applying vectorizer and processing
2024-09-04 09:47:46,489 - InvertedIndex - INFO - Applying vectorizer and processing
2024-09-04 09:47:46,489 - InvertedIndex - INFO - Applying vectorizer and processing
2024-09-04 09:47:46,581 - InvertedIndex - INFO - Finished vectorization and processing. Time taken: 0.09 seconds
2024-09-04 09:47:46,581 - InvertedIndex - INFO - Finished vectorization and processing. Time taken: 0.09 seconds
2024-09-04 09:47:46,594 - InvertedIndex - INFO - Step 3: Creating inverted index
2024-09-04 09:47:46,594 - InvertedIndex - INFO - Step 3: Creating inverted index
2024-09-04 09:47:46,595 - InvertedIndex - INFO - Creating inverted index
2024-09-04 09:47:46,595 - InvertedIndex - INFO - Creating inverted index
2024-09-04 09:48:01,190 - InvertedIndex - INFO - Finished creating inverted index. Time taken: 14.59 seconds
2024-09-04 09:48:01,190 - InvertedIndex - INFO - Finished creating inverted index. Time taken: 14.59 seconds
2024-09-04 09:48:01,204 - InvertedIndex - INFO - Step 4: Saving inverted index
2024-09-04 09:48:01,204 - InvertedIndex - INFO - Step 4: Saving inverted index
2024-09-04 09:48:01,205 - InvertedIndex - INFO - Saving inverted index to inverted_index.json
2024-09-04 09:48:01,205 - InvertedIndex - INFO - Saving inverted index to inverted_index.json
2024-09-04 09:48:01,257 - InvertedIndex - INFO - Inverted index successfully saved to inverted_index.json
2024-09-04 09:48:01,257 - InvertedIndex - INFO - Inverted index successfully saved to inverted_index.json
2024-09-04 09:48:01,270 - InvertedIndex - INFO - Completed inverted index pipeline. Total time taken: 16.44 seconds
2024-09-04 09:48:01,270 - InvertedIndex - INFO - Completed inverted index pipeline. Total time taken: 16.44 seconds
2024-09-04 09:53:07,061 - InvertedIndex - INFO - Starting complete inverted index pipeline
2024-09-04 09:53:07,061 - InvertedIndex - INFO - Step 1: Processing texts
2024-09-04 09:53:08,732 - InvertedIndex - INFO - Step 2: Applying vectorizer and processing
2024-09-04 09:53:08,732 - InvertedIndex - INFO - Applying vectorizer and processing
2024-09-04 09:53:08,871 - InvertedIndex - INFO - Finished vectorization and processing. Time taken: 0.14 seconds
2024-09-04 09:53:08,876 - InvertedIndex - INFO - Step 3: Creating inverted index
2024-09-04 09:53:08,876 - InvertedIndex - INFO - Creating inverted index
2024-09-04 09:53:23,425 - InvertedIndex - INFO - Finished creating inverted index. Time taken: 14.55 seconds
2024-09-04 09:53:23,425 - InvertedIndex - INFO - Step 4: Saving inverted index
2024-09-04 09:53:23,425 - InvertedIndex - INFO - Saving inverted index to inverted_index.json
2024-09-04 09:53:23,488 - InvertedIndex - INFO - Inverted index successfully saved to inverted_index.json
2024-09-04 09:53:23,488 - InvertedIndex - INFO - Completed inverted index pipeline. Total time taken: 16.43 seconds
2024-09-04 09:57:35,525 - InvertedIndex - INFO - Starting complete inverted index pipeline
2024-09-04 09:57:35,525 - InvertedIndex - INFO - Step 1: Processing texts
2024-09-04 09:57:37,143 - InvertedIndex - INFO - Step 2: Applying vectorizer and processing
2024-09-04 09:57:37,143 - InvertedIndex - INFO - Applying vectorizer and processing
2024-09-04 09:57:37,243 - InvertedIndex - INFO - Finished vectorization and processing. Time taken: 0.10 seconds
2024-09-04 09:57:37,243 - InvertedIndex - INFO - Step 3: Creating inverted index
2024-09-04 09:57:37,243 - InvertedIndex - INFO - Creating inverted index
2024-09-04 09:57:47,351 - InvertedIndex - INFO - Starting complete inverted index pipeline
2024-09-04 09:57:47,351 - InvertedIndex - INFO - Step 1: Processing texts
2024-09-04 09:57:48,985 - InvertedIndex - INFO - Step 2: Applying vectorizer and processing
2024-09-04 09:57:48,985 - InvertedIndex - INFO - Applying vectorizer and processing
2024-09-04 09:57:49,087 - InvertedIndex - INFO - Finished vectorization and processing. Time taken: 0.10 seconds
2024-09-04 09:57:49,088 - InvertedIndex - INFO - Step 3: Creating inverted index
2024-09-04 09:57:49,088 - InvertedIndex - INFO - Creating inverted index
2024-09-04 09:58:03,678 - InvertedIndex - INFO - Finished creating inverted index. Time taken: 14.59 seconds
2024-09-04 09:58:03,678 - InvertedIndex - INFO - Step 4: Saving inverted index
2024-09-04 09:58:03,678 - InvertedIndex - INFO - Saving inverted index to inverted_index.json
2024-09-04 09:58:03,744 - InvertedIndex - INFO - Inverted index successfully saved to inverted_index.json
2024-09-04 09:58:03,744 - InvertedIndex - INFO - Completed inverted index pipeline. Total time taken: 16.39 seconds
2024-09-04 09:58:31,968 - InvertedIndex - INFO - Starting complete inverted index pipeline
2024-09-04 09:58:31,968 - InvertedIndex - INFO - Step 1: Processing texts
2024-09-04 09:58:33,637 - InvertedIndex - INFO - Step 2: Applying vectorizer and processing
2024-09-04 09:58:33,637 - InvertedIndex - INFO - Applying vectorizer and processing
2024-09-04 09:58:33,813 - InvertedIndex - INFO - Finished vectorization and processing. Time taken: 0.18 seconds
2024-09-04 09:58:33,813 - InvertedIndex - INFO - Step 3: Creating inverted index
2024-09-04 09:58:33,813 - InvertedIndex - INFO - Creating inverted index
2024-09-04 09:58:48,100 - InvertedIndex - INFO - Finished creating inverted index. Time taken: 14.29 seconds
2024-09-04 09:58:48,100 - InvertedIndex - INFO - Step 4: Saving inverted index
2024-09-04 09:58:48,100 - InvertedIndex - INFO - Saving inverted index to inverted_index_without_ocurrences.json
2024-09-04 09:58:48,158 - InvertedIndex - INFO - Inverted index successfully saved to inverted_index_without_ocurrences.json
2024-09-04 09:58:48,158 - InvertedIndex - INFO - Completed inverted index pipeline. Total time taken: 16.19 seconds
2024-09-04 09:59:45,122 - InvertedIndex - INFO - Starting complete inverted index pipeline
2024-09-04 09:59:45,122 - InvertedIndex - INFO - Step 1: Processing texts
2024-09-04 09:59:46,769 - InvertedIndex - INFO - Step 2: Applying vectorizer and processing
2024-09-04 09:59:46,769 - InvertedIndex - INFO - Applying vectorizer and processing
2024-09-04 09:59:46,846 - InvertedIndex - INFO - Finished vectorization and processing. Time taken: 0.08 seconds
2024-09-04 09:59:46,846 - InvertedIndex - INFO - Step 3: Creating inverted index
2024-09-04 09:59:46,846 - InvertedIndex - INFO - Creating inverted index
2024-09-04 10:00:01,344 - InvertedIndex - INFO - Finished creating inverted index. Time taken: 14.50 seconds
2024-09-04 10:00:01,344 - InvertedIndex - INFO - Step 4: Saving inverted index
2024-09-04 10:00:01,344 - InvertedIndex - INFO - Saving inverted index to inverted_index_without_ocurrences.json
2024-09-04 10:00:01,421 - InvertedIndex - INFO - Inverted index successfully saved to inverted_index_without_ocurrences.json
2024-09-04 10:00:01,421 - InvertedIndex - INFO - Completed inverted index pipeline. Total time taken: 16.30 seconds
